<?xml version="1.0" encoding="UTF-8"?>
<!-- Generated by org.testng.reporters.JUnitReportReporter -->
<testsuite hostname="vinu-PC" failures="0" tests="1" name="resourcePackage.Base" time="75.345" errors="0" timestamp="2022-05-12T20:00:38 IST" skipped="0">
  <testcase classname="resourcePackage.Base" name="initializebrowser" time="75.345"/>
  <system-out/>
</testsuite> <!-- resourcePackage.Base -->
