<?xml version="1.0" encoding="UTF-8"?>
<!-- Generated by org.testng.reporters.JUnitReportReporter -->
<testsuite hostname="vinu-PC" failures="0" tests="2" name="tests.LoginTest" time="24.611" errors="0" timestamp="2022-05-13T16:38:00 IST" skipped="0">
  <testcase classname="tests.LoginTest" name="login" time="15.223"/>
  <system-out/>
  <testcase classname="tests.LoginTest" name="login" time="9.388"/>
  <system-out/>
</testsuite> <!-- tests.LoginTest -->
