<?xml version="1.0" encoding="UTF-8"?>
<!-- Generated by org.testng.reporters.JUnitReportReporter -->
<testsuite hostname="vinu-PC" failures="0" tests="1" name="tests.Thirdtest" time="0.003" errors="0" timestamp="2022-05-13T16:38:00 IST" skipped="0">
  <testcase classname="tests.Thirdtest" name="thirdTest" time="0.003"/>
  <system-out/>
</testsuite> <!-- tests.Thirdtest -->
