<?xml version="1.0" encoding="UTF-8"?>
<!-- Generated by org.testng.reporters.JUnitReportReporter -->
<testsuite hostname="vinu-PC" failures="0" tests="1" name="resourcePackage.base2" time="41.513" errors="0" timestamp="2022-05-12T22:00:58 IST" skipped="0">
  <testcase classname="resourcePackage.base2" name="intializebrowser" time="41.513"/>
  <system-out/>
</testsuite> <!-- resourcePackage.base2 -->
