<?xml version="1.0" encoding="UTF-8"?>
<!-- Generated by org.testng.reporters.JUnitReportReporter -->
<testsuite hostname="vinu-PC" failures="0" tests="2" name="tests.LoginTest" time="25.738" errors="0" timestamp="2022-05-13T16:39:48 IST" skipped="0">
  <testcase classname="tests.LoginTest" name="login" time="9.381"/>
  <system-out/>
  <testcase classname="tests.LoginTest" name="login" time="16.357"/>
  <system-out/>
</testsuite> <!-- tests.LoginTest -->
